<?xml version="1.0" encoding="UTF-8"?>
<!-- Generated by org.testng.reporters.JUnitXMLReporter -->
<testsuite ignored="2" hostname="mufti-awl18" failures="0" tests="2" name="LoginTest" time="22.368" errors="0" timestamp="2023-08-01T11:08:43 BDT">
  <testcase classname="com.test.tests.LoginTest" name="loginTest" time="8.659"/>
  <testcase classname="com.test.tests.DashboardTest" name="dashBoardTest" time="7.658"/>
  <testcase classname="com.test.drivers.BaseDriver" name="@AfterTest close" time="0.0">
    <ignored/>
  </testcase> <!-- @AfterTest close -->
  <testcase classname="com.test.drivers.BaseDriver" name="@BeforeTest start" time="0.0">
    <ignored/>
  </testcase> <!-- @BeforeTest start -->
</testsuite> <!-- LoginTest -->
